# JRE version: OpenJDK Runtime Environment (17.0.11) (build 17.0.11+0--11852314)
# Java VM: OpenJDK 64-Bit Server VM (17.0.11+0--11852314, mixed mode, tiered, compressed oops, compressed class ptrs, g1 gc, windows-amd64)
GC Precious Log:
 CPUs: 8 total, 8 available
 Memory: 8025M
 Large Page Support: Disabled
 NUMA Support: Disabled
 Compressed Oops: Enabled (32-bit)
 Heap Region Size: 1M
 Heap Min Capacity: 8M
 Heap Initial Capacity: 126M
 Heap Max Capacity: 2G
 Pre-touch: Disabled
 Parallel Workers: 8
 Concurrent Workers: 2
 Concurrent Refinement Workers: 8
 Periodic GC: Disabled
Heap:
 garbage-first heap   total 77824K, used 42510K [0x0000000080000000, 0x0000000100000000)
  region size 1024K, 3 young (3072K), 3 survivors (3072K)
 Metaspace       used 41789K, committed 42176K, reserved 1114112K
  class space    used 5718K, committed 5888K, reserved 1048576K
GC Heap History (19 events):
Event: 1.176 GC heap before
{Heap before GC invocations=0 (full 0):
 garbage-first heap   total 129024K, used 26624K [0x0000000080000000, 0x0000000100000000)
  region size 1024K, 23 young (23552K), 0 survivors (0K)
 Metaspace       used 10438K, committed 10560K, reserved 1114112K
  class space    used 1080K, committed 1152K, reserved 1048576K
}
Event: 1.183 GC heap after
{Heap after GC invocations=1 (full 0):
 garbage-first heap   total 129024K, used 10347K [0x0000000080000000, 0x0000000100000000)
  region size 1024K, 3 young (3072K), 3 survivors (3072K)
 Metaspace       used 10438K, committed 10560K, reserved 1114112K
  class space    used 1080K, committed 1152K, reserved 1048576K
}
Event: 1.744 GC heap before
{Heap before GC invocations=1 (full 0):
 garbage-first heap   total 129024K, used 36971K [0x0000000080000000, 0x0000000100000000)
  region size 1024K, 29 young (29696K), 3 survivors (3072K)
 Metaspace       used 11461K, committed 11648K, reserved 1114112K
  class space    used 1198K, committed 1280K, reserved 1048576K
}
Event: 1.747 GC heap after
{Heap after GC invocations=2 (full 0):
 garbage-first heap   total 129024K, used 11301K [0x0000000080000000, 0x0000000100000000)
  region size 1024K, 1 young (1024K), 1 survivors (1024K)
 Metaspace       used 11461K, committed 11648K, reserved 1114112K
  class space    used 1198K, committed 1280K, reserved 1048576K
}
Event: 2.868 GC heap before
{Heap before GC invocations=2 (full 0):
 garbage-first heap   total 129024K, used 62501K [0x0000000080000000, 0x0000000100000000)
  region size 1024K, 51 young (52224K), 1 survivors (1024K)
 Metaspace       used 21278K, committed 21504K, reserved 1114112K
  class space    used 2504K, committed 2624K, reserved 1048576K
}
Event: 2.874 GC heap after
{Heap after GC invocations=3 (full 0):
 garbage-first heap   total 129024K, used 19226K [0x0000000080000000, 0x0000000100000000)
  region size 1024K, 9 young (9216K), 9 survivors (9216K)
 Metaspace       used 21278K, committed 21504K, reserved 1114112K
  class space    used 2504K, committed 2624K, reserved 1048576K
}
Event: 3.411 GC heap before
{Heap before GC invocations=4 (full 0):
 garbage-first heap   total 71680K, used 53018K [0x0000000080000000, 0x0000000100000000)
  region size 1024K, 42 young (43008K), 9 survivors (9216K)
 Metaspace       used 26640K, committed 26944K, reserved 1114112K
  class space    used 3390K, committed 3520K, reserved 1048576K
}
Event: 3.416 GC heap after
{Heap after GC invocations=5 (full 0):
 garbage-first heap   total 71680K, used 20569K [0x0000000080000000, 0x0000000100000000)
  region size 1024K, 2 young (2048K), 2 survivors (2048K)
 Metaspace       used 26640K, committed 26944K, reserved 1114112K
  class space    used 3390K, committed 3520K, reserved 1048576K
}
Event: 3.888 GC heap before
{Heap before GC invocations=5 (full 0):
 garbage-first heap   total 71680K, used 49241K [0x0000000080000000, 0x0000000100000000)
  region size 1024K, 30 young (30720K), 2 survivors (2048K)
 Metaspace       used 30324K, committed 30656K, reserved 1114112K
  class space    used 4016K, committed 4160K, reserved 1048576K
}
Event: 3.892 GC heap after
{Heap after GC invocations=6 (full 0):
 garbage-first heap   total 71680K, used 22260K [0x0000000080000000, 0x0000000100000000)
  region size 1024K, 4 young (4096K), 4 survivors (4096K)
 Metaspace       used 30324K, committed 30656K, reserved 1114112K
  class space    used 4016K, committed 4160K, reserved 1048576K
}
Event: 4.210 GC heap before
{Heap before GC invocations=6 (full 0):
 garbage-first heap   total 71680K, used 47860K [0x0000000080000000, 0x0000000100000000)
  region size 1024K, 20 young (20480K), 4 survivors (4096K)
 Metaspace       used 32085K, committed 32384K, reserved 1114112K
  class space    used 4343K, committed 4480K, reserved 1048576K
}
Event: 4.214 GC heap after
{Heap after GC invocations=7 (full 0):
 garbage-first heap   total 71680K, used 37524K [0x0000000080000000, 0x0000000100000000)
  region size 1024K, 4 young (4096K), 4 survivors (4096K)
 Metaspace       used 32085K, committed 32384K, reserved 1114112K
  class space    used 4343K, committed 4480K, reserved 1048576K
}
Event: 4.469 GC heap before
{Heap before GC invocations=8 (full 0):
 garbage-first heap   total 71680K, used 54932K [0x0000000080000000, 0x0000000100000000)
  region size 1024K, 20 young (20480K), 4 survivors (4096K)
 Metaspace       used 34217K, committed 34560K, reserved 1114112K
  class space    used 4686K, committed 4864K, reserved 1048576K
}
Event: 4.472 GC heap after
{Heap after GC invocations=9 (full 0):
 garbage-first heap   total 71680K, used 39501K [0x0000000080000000, 0x0000000100000000)
  region size 1024K, 1 young (1024K), 1 survivors (1024K)
 Metaspace       used 34217K, committed 34560K, reserved 1114112K
  class space    used 4686K, committed 4864K, reserved 1048576K
}
Event: 4.674 GC heap before
{Heap before GC invocations=9 (full 0):
 garbage-first heap   total 71680K, used 54861K [0x0000000080000000, 0x0000000100000000)
  region size 1024K, 16 young (16384K), 1 survivors (1024K)
 Metaspace       used 36000K, committed 36352K, reserved 1114112K
  class space    used 4975K, committed 5120K, reserved 1048576K
}
Event: 4.676 GC heap after
{Heap after GC invocations=10 (full 0):
 garbage-first heap   total 71680K, used 40108K [0x0000000080000000, 0x0000000100000000)
  region size 1024K, 2 young (2048K), 2 survivors (2048K)
 Metaspace       used 36000K, committed 36352K, reserved 1114112K
  class space    used 4975K, committed 5120K, reserved 1048576K
}
Event: 4.917 GC heap before
{Heap before GC invocations=11 (full 0):
 garbage-first heap   total 71680K, used 56492K [0x0000000080000000, 0x0000000100000000)
  region size 1024K, 18 young (18432K), 2 survivors (2048K)
 Metaspace       used 38426K, committed 38848K, reserved 1114112K
  class space    used 5364K, committed 5568K, reserved 1048576K
}
Event: 4.920 GC heap after
{Heap after GC invocations=12 (full 0):
 garbage-first heap   total 71680K, used 40886K [0x0000000080000000, 0x0000000100000000)
  region size 1024K, 3 young (3072K), 3 survivors (3072K)
 Metaspace       used 38426K, committed 38848K, reserved 1114112K
  class space    used 5364K, committed 5568K, reserved 1048576K
}
Event: 5.171 GC heap before
{Heap before GC invocations=12 (full 0):
 garbage-first heap   total 71680K, used 56246K [0x0000000080000000, 0x0000000100000000)
  region size 1024K, 18 young (18432K), 3 survivors (3072K)
 Metaspace       used 41789K, committed 42176K, reserved 1114112K
  class space    used 5718K, committed 5888K, reserved 1048576K
}

