# JRE version: OpenJDK Runtime Environment (17.0.11) (build 17.0.11+0--11852314)
# Java VM: OpenJDK 64-Bit Server VM (17.0.11+0--11852314, mixed mode, tiered, compressed oops, compressed class ptrs, g1 gc, windows-amd64)
GC Precious Log:
 CPUs: 8 total, 8 available
 Memory: 8025M
 Large Page Support: Disabled
 NUMA Support: Disabled
 Compressed Oops: Enabled (32-bit)
 Heap Region Size: 1M
 Heap Min Capacity: 8M
 Heap Initial Capacity: 126M
 Heap Max Capacity: 2G
 Pre-touch: Disabled
 Parallel Workers: 8
 Concurrent Workers: 2
 Concurrent Refinement Workers: 8
 Periodic GC: Disabled
Heap:
 garbage-first heap   total 247808K, used 155934K [0x0000000080000000, 0x0000000100000000)
  region size 1024K, 72 young (73728K), 4 survivors (4096K)
 Metaspace       used 70667K, committed 71360K, reserved 1114112K
  class space    used 9584K, committed 9920K, reserved 1048576K
GC Heap History (20 events):
Event: 5.752 GC heap before
{Heap before GC invocations=18 (full 0):
 garbage-first heap   total 92160K, used 69818K [0x0000000080000000, 0x0000000100000000)
  region size 1024K, 24 young (24576K), 2 survivors (2048K)
 Metaspace       used 50100K, committed 50560K, reserved 1114112K
  class space    used 6780K, committed 6976K, reserved 1048576K
}
Event: 5.755 GC heap after
{Heap after GC invocations=19 (full 0):
 garbage-first heap   total 92160K, used 51706K [0x0000000080000000, 0x0000000100000000)
  region size 1024K, 4 young (4096K), 4 survivors (4096K)
 Metaspace       used 50100K, committed 50560K, reserved 1114112K
  class space    used 6780K, committed 6976K, reserved 1048576K
}
Event: 6.046 GC heap before
{Heap before GC invocations=20 (full 0):
 garbage-first heap   total 104448K, used 87546K [0x0000000080000000, 0x0000000100000000)
  region size 1024K, 25 young (25600K), 4 survivors (4096K)
 Metaspace       used 52247K, committed 52736K, reserved 1114112K
  class space    used 6967K, committed 7168K, reserved 1048576K
}
Event: 6.051 GC heap after
{Heap after GC invocations=21 (full 0):
 garbage-first heap   total 104448K, used 68829K [0x0000000080000000, 0x0000000100000000)
  region size 1024K, 4 young (4096K), 4 survivors (4096K)
 Metaspace       used 52247K, committed 52736K, reserved 1114112K
  class space    used 6967K, committed 7168K, reserved 1048576K
}
Event: 6.064 GC heap before
{Heap before GC invocations=21 (full 0):
 garbage-first heap   total 104448K, used 69853K [0x0000000080000000, 0x0000000100000000)
  region size 1024K, 5 young (5120K), 4 survivors (4096K)
 Metaspace       used 52326K, committed 52800K, reserved 1114112K
  class space    used 6978K, committed 7168K, reserved 1048576K
}
Event: 6.067 GC heap after
{Heap after GC invocations=22 (full 0):
 garbage-first heap   total 125952K, used 69714K [0x0000000080000000, 0x0000000100000000)
  region size 1024K, 1 young (1024K), 1 survivors (1024K)
 Metaspace       used 52326K, committed 52800K, reserved 1114112K
  class space    used 6978K, committed 7168K, reserved 1048576K
}
Event: 6.321 GC heap before
{Heap before GC invocations=22 (full 0):
 garbage-first heap   total 125952K, used 95314K [0x0000000080000000, 0x0000000100000000)
  region size 1024K, 26 young (26624K), 1 survivors (1024K)
 Metaspace       used 53796K, committed 54400K, reserved 1114112K
  class space    used 7236K, committed 7552K, reserved 1048576K
}
Event: 6.323 GC heap after
{Heap after GC invocations=23 (full 0):
 garbage-first heap   total 125952K, used 70454K [0x0000000080000000, 0x0000000100000000)
  region size 1024K, 2 young (2048K), 2 survivors (2048K)
 Metaspace       used 53796K, committed 54400K, reserved 1114112K
  class space    used 7236K, committed 7552K, reserved 1048576K
}
Event: 6.755 GC heap before
{Heap before GC invocations=24 (full 0):
 garbage-first heap   total 125952K, used 96054K [0x0000000080000000, 0x0000000100000000)
  region size 1024K, 28 young (28672K), 2 survivors (2048K)
 Metaspace       used 57075K, committed 57664K, reserved 1114112K
  class space    used 7756K, committed 8064K, reserved 1048576K
}
Event: 6.758 GC heap after
{Heap after GC invocations=25 (full 0):
 garbage-first heap   total 125952K, used 72142K [0x0000000080000000, 0x0000000100000000)
  region size 1024K, 3 young (3072K), 3 survivors (3072K)
 Metaspace       used 57075K, committed 57664K, reserved 1114112K
  class space    used 7756K, committed 8064K, reserved 1048576K
}
Event: 6.794 GC heap before
{Heap before GC invocations=25 (full 0):
 garbage-first heap   total 125952K, used 75214K [0x0000000080000000, 0x0000000100000000)
  region size 1024K, 6 young (6144K), 3 survivors (3072K)
 Metaspace       used 57403K, committed 57920K, reserved 1114112K
  class space    used 7815K, committed 8064K, reserved 1048576K
}
Event: 6.798 GC heap after
{Heap after GC invocations=26 (full 0):
 garbage-first heap   total 125952K, used 72080K [0x0000000080000000, 0x0000000100000000)
  region size 1024K, 1 young (1024K), 1 survivors (1024K)
 Metaspace       used 57403K, committed 57920K, reserved 1114112K
  class space    used 7815K, committed 8064K, reserved 1048576K
}
Event: 7.178 GC heap before
{Heap before GC invocations=26 (full 0):
 garbage-first heap   total 125952K, used 99728K [0x0000000080000000, 0x0000000100000000)
  region size 1024K, 28 young (28672K), 1 survivors (1024K)
 Metaspace       used 59924K, committed 60544K, reserved 1114112K
  class space    used 8241K, committed 8512K, reserved 1048576K
}
Event: 7.180 GC heap after
{Heap after GC invocations=27 (full 0):
 garbage-first heap   total 125952K, used 73666K [0x0000000080000000, 0x0000000100000000)
  region size 1024K, 3 young (3072K), 3 survivors (3072K)
 Metaspace       used 59924K, committed 60544K, reserved 1114112K
  class space    used 8241K, committed 8512K, reserved 1048576K
}
Event: 7.583 GC heap before
{Heap before GC invocations=28 (full 0):
 garbage-first heap   total 128000K, used 100290K [0x0000000080000000, 0x0000000100000000)
  region size 1024K, 29 young (29696K), 3 survivors (3072K)
 Metaspace       used 64779K, committed 65408K, reserved 1114112K
  class space    used 8864K, committed 9152K, reserved 1048576K
}
Event: 7.587 GC heap after
{Heap after GC invocations=29 (full 0):
 garbage-first heap   total 128000K, used 76222K [0x0000000080000000, 0x0000000100000000)
  region size 1024K, 4 young (4096K), 4 survivors (4096K)
 Metaspace       used 64779K, committed 65408K, reserved 1114112K
  class space    used 8864K, committed 9152K, reserved 1048576K
}
Event: 7.644 GC heap before
{Heap before GC invocations=29 (full 0):
 garbage-first heap   total 128000K, used 77246K [0x0000000080000000, 0x0000000100000000)
  region size 1024K, 6 young (6144K), 4 survivors (4096K)
 Metaspace       used 65634K, committed 66304K, reserved 1114112K
  class space    used 9003K, committed 9280K, reserved 1048576K
}
Event: 7.647 GC heap after
{Heap after GC invocations=30 (full 0):
 garbage-first heap   total 128000K, used 76779K [0x0000000080000000, 0x0000000100000000)
  region size 1024K, 1 young (1024K), 1 survivors (1024K)
 Metaspace       used 65634K, committed 66304K, reserved 1114112K
  class space    used 9003K, committed 9280K, reserved 1048576K
}
Event: 8.490 GC heap before
{Heap before GC invocations=30 (full 0):
 garbage-first heap   total 128000K, used 102379K [0x0000000080000000, 0x0000000100000000)
  region size 1024K, 27 young (27648K), 1 survivors (1024K)
 Metaspace       used 67861K, committed 68544K, reserved 1114112K
  class space    used 9235K, committed 9536K, reserved 1048576K
}
Event: 8.495 GC heap after
{Heap after GC invocations=31 (full 0):
 garbage-first heap   total 247808K, used 81182K [0x0000000080000000, 0x0000000100000000)
  region size 1024K, 4 young (4096K), 4 survivors (4096K)
 Metaspace       used 67861K, committed 68544K, reserved 1114112K
  class space    used 9235K, committed 9536K, reserved 1048576K
}

